[10/Aug/2020:11:20:51] (I): WordPress Instance Info:
[10/Aug/2020:11:20:51] (I): Home URL : https://gwhmun.ml
[10/Aug/2020:11:20:51] (I): Site URL : https://gwhmun.ml
[10/Aug/2020:11:20:51] (I): WordPress Version : 5.4.2
[10/Aug/2020:11:20:51] (I): Onboarding Version : 1.0.8
[10/Aug/2020:11:20:51] (I): Multisite : No
[10/Aug/2020:11:20:51] (I): Server Info : Apache/2.4.18 (Ubuntu)
[10/Aug/2020:11:20:51] (I): PHP Version : 7.0.33-0ubuntu0.16.04.15
[10/Aug/2020:11:20:51] (I): HTTPS : Yes
[10/Aug/2020:11:20:51] (I): PHP Max Execution Time : 30
[10/Aug/2020:11:20:51] (I): PHP Max Input Vars : 1000
[10/Aug/2020:11:20:51] (I): Max Upload Size : 1073741824
[10/Aug/2020:11:20:51] (I): Plugins:
[10/Aug/2020:11:20:51] (I): [PLUGIN] Contact Form 7 : v5.2.1 (Takayuki Miyoshi)
[10/Aug/2020:11:20:51] (I): [PLUGIN] Elementor : v2.9.14 (Elementor.com)
[10/Aug/2020:11:20:51] (I): [PLUGIN] Neve Pro Addon : v1.2.6 (ThemeIsle)
[10/Aug/2020:11:20:51] (I): [PLUGIN] Gutenberg Blocks and Template Library by Otter : v1.5.6 (ThemeIsle)
[10/Aug/2020:11:20:51] (I): [PLUGIN] Templates Patterns Collection : v1.0.8 (ThemeIsle)
[10/Aug/2020:11:20:51] (I): [PLUGIN] Orbit Fox Companion : v2.9.14 (Themeisle)
[10/Aug/2020:11:20:51] (I): [PLUGIN] Increase Maximum Upload File Size : v2.0.4 (Imagify)
[10/Aug/2020:11:20:51] (I): [PLUGIN] WP Mail SMTP : v2.2.1 (WPForms)
[10/Aug/2020:11:20:51] (I): [PLUGIN] WP Super Cache : v1.7.1 (Automattic)
[10/Aug/2020:11:20:51] (I): [PLUGIN] WPForms Lite : v1.6.1 (WPForms)
[10/Aug/2020:11:20:51] (P): Saving remote XML
[10/Aug/2020:11:20:53] (S): Saved remote XML at path /var/www/html/wp-content/uploads/themeisle-demo-import.xml.
[10/Aug/2020:11:20:53] (P): Starting content import...
[10/Aug/2020:11:20:53] (S): Import started.
[10/Aug/2020:11:20:53] (S): Parsing XML file.
[10/Aug/2020:11:20:53] (P): Starting parsing file:/var/www/html/wp-content/uploads/themeisle-demo-import.xml
[10/Aug/2020:11:20:53] (P): Using WXR_Parser_SimpleXML...
[10/Aug/2020:11:20:53] (S): Parsed XML
[10/Aug/2020:11:20:53] (P): Processing categories...
[10/Aug/2020:11:20:53] (S): Processed categories.
[10/Aug/2020:11:20:53] (P): Processing tags...
[10/Aug/2020:11:20:53] (S): No tags to process.
[10/Aug/2020:11:20:53] (P): Processing terms...
[10/Aug/2020:11:20:53] (S): Processed terms.
[10/Aug/2020:11:20:53] (P): Processing posts...
[10/Aug/2020:11:20:53] (P): Processing single menu item ' '...
[10/Aug/2020:11:20:53] (P): Processing attachment: https://s33834.pcdn.co/web-agency-gb/wp-content/uploads/sites/422/2020/01/neve-webdesign-GB-01.png...
[10/Aug/2020:11:20:53] (P): Fetching attachment from url: https://s33834.pcdn.co/web-agency-gb/wp-content/uploads/sites/422/2020/01/neve-webdesign-GB-01.png...
[10/Aug/2020:11:20:53] (S): Fetched remote attachment.
[10/Aug/2020:11:20:53] (P): Inserting attachment...
[10/Aug/2020:11:20:53] (S): Attachment inserted
[10/Aug/2020:11:20:53] (S): Processed attachment.
[10/Aug/2020:11:20:53] (P): Processing attachment: https://s33834.pcdn.co/web-agency-gb/wp-content/uploads/sites/422/2020/01/neve-webdesign-GB-03.png...
[10/Aug/2020:11:20:53] (P): Fetching attachment from url: https://s33834.pcdn.co/web-agency-gb/wp-content/uploads/sites/422/2020/01/neve-webdesign-GB-03.png...
[10/Aug/2020:11:20:53] (S): Fetched remote attachment.
[10/Aug/2020:11:20:53] (P): Inserting attachment...
[10/Aug/2020:11:20:53] (S): Attachment inserted
[10/Aug/2020:11:20:53] (S): Processed attachment.
[10/Aug/2020:11:20:53] (P): Processing attachment: https://s33834.pcdn.co/web-agency-gb/wp-content/uploads/sites/422/2020/01/neve-webdesign-GB-04.png...
[10/Aug/2020:11:20:53] (P): Fetching attachment from url: https://s33834.pcdn.co/web-agency-gb/wp-content/uploads/sites/422/2020/01/neve-webdesign-GB-04.png...
[10/Aug/2020:11:20:53] (S): Fetched remote attachment.
[10/Aug/2020:11:20:53] (P): Inserting attachment...
[10/Aug/2020:11:20:53] (S): Attachment inserted
[10/Aug/2020:11:20:53] (S): Processed attachment.
[10/Aug/2020:11:20:53] (P): Processing attachment: https://s33834.pcdn.co/web-agency-gb/wp-content/uploads/sites/422/2020/01/neve-web-design-bg-05.jpg...
[10/Aug/2020:11:20:53] (P): Fetching attachment from url: https://s33834.pcdn.co/web-agency-gb/wp-content/uploads/sites/422/2020/01/neve-web-design-bg-05.jpg...
[10/Aug/2020:11:20:53] (S): Fetched remote attachment.
[10/Aug/2020:11:20:53] (P): Inserting attachment...
[10/Aug/2020:11:20:53] (S): Attachment inserted
[10/Aug/2020:11:20:53] (S): Processed attachment.
[10/Aug/2020:11:20:53] (P): Processing attachment: https://s33834.pcdn.co/web-agency-gb/wp-content/uploads/sites/422/2020/01/neve-web-design-bg-06.jpg...
[10/Aug/2020:11:20:53] (P): Fetching attachment from url: https://s33834.pcdn.co/web-agency-gb/wp-content/uploads/sites/422/2020/01/neve-web-design-bg-06.jpg...
[10/Aug/2020:11:20:53] (S): Fetched remote attachment.
[10/Aug/2020:11:20:53] (P): Inserting attachment...
[10/Aug/2020:11:20:53] (S): Attachment inserted
[10/Aug/2020:11:20:53] (S): Processed attachment.
[10/Aug/2020:11:20:53] (P): Processing attachment: https://s33834.pcdn.co/web-agency-gb/wp-content/uploads/sites/422/2020/01/neve-web-design-bg-07.jpg...
[10/Aug/2020:11:20:53] (P): Fetching attachment from url: https://s33834.pcdn.co/web-agency-gb/wp-content/uploads/sites/422/2020/01/neve-web-design-bg-07.jpg...
[10/Aug/2020:11:20:53] (S): Fetched remote attachment.
[10/Aug/2020:11:20:53] (P): Inserting attachment...
[10/Aug/2020:11:20:53] (S): Attachment inserted
[10/Aug/2020:11:20:53] (S): Processed attachment.
[10/Aug/2020:11:20:53] (P): Processing attachment: https://s33834.pcdn.co/web-agency-gb/wp-content/uploads/sites/422/2020/01/neve-web-design-bg-08.jpg...
[10/Aug/2020:11:20:53] (P): Fetching attachment from url: https://s33834.pcdn.co/web-agency-gb/wp-content/uploads/sites/422/2020/01/neve-web-design-bg-08.jpg...
[10/Aug/2020:11:20:53] (S): Fetched remote attachment.
[10/Aug/2020:11:20:53] (P): Inserting attachment...
[10/Aug/2020:11:20:53] (S): Attachment inserted
[10/Aug/2020:11:20:53] (S): Processed attachment.
[10/Aug/2020:11:20:53] (P): Processing attachment: https://s33834.pcdn.co/web-agency-gb/wp-content/uploads/sites/422/2020/01/neve-web-design-bg-09.jpg...
[10/Aug/2020:11:20:53] (P): Fetching attachment from url: https://s33834.pcdn.co/web-agency-gb/wp-content/uploads/sites/422/2020/01/neve-web-design-bg-09.jpg...
[10/Aug/2020:11:20:53] (S): Fetched remote attachment.
[10/Aug/2020:11:20:53] (P): Inserting attachment...
[10/Aug/2020:11:20:53] (S): Attachment inserted
[10/Aug/2020:11:20:53] (S): Processed attachment.
[10/Aug/2020:11:20:53] (P): Processing attachment: https://s33834.pcdn.co/web-agency-gb/wp-content/uploads/sites/422/2020/01/neve-web-design-bg-10.jpg...
[10/Aug/2020:11:20:53] (P): Fetching attachment from url: https://s33834.pcdn.co/web-agency-gb/wp-content/uploads/sites/422/2020/01/neve-web-design-bg-10.jpg...
[10/Aug/2020:11:20:53] (S): Fetched remote attachment.
[10/Aug/2020:11:20:53] (P): Inserting attachment...
[10/Aug/2020:11:20:53] (S): Attachment inserted
[10/Aug/2020:11:20:53] (S): Processed attachment.
[10/Aug/2020:11:20:53] (P): Processing attachment: https://s33834.pcdn.co/web-agency-gb/wp-content/uploads/sites/422/2020/01/neve-web-design-bg-11.jpg...
[10/Aug/2020:11:20:53] (P): Fetching attachment from url: https://s33834.pcdn.co/web-agency-gb/wp-content/uploads/sites/422/2020/01/neve-web-design-bg-11.jpg...
[10/Aug/2020:11:20:53] (S): Fetched remote attachment.
[10/Aug/2020:11:20:53] (P): Inserting attachment...
[10/Aug/2020:11:20:53] (S): Attachment inserted
[10/Aug/2020:11:20:53] (S): Processed attachment.
[10/Aug/2020:11:20:53] (P): Processing attachment: https://s33834.pcdn.co/web-agency-gb/wp-content/uploads/sites/422/2020/01/neve-web-design-bg-12.jpg...
[10/Aug/2020:11:20:53] (P): Fetching attachment from url: https://s33834.pcdn.co/web-agency-gb/wp-content/uploads/sites/422/2020/01/neve-web-design-bg-12.jpg...
[10/Aug/2020:11:20:53] (S): Fetched remote attachment.
[10/Aug/2020:11:20:53] (P): Inserting attachment...
[10/Aug/2020:11:20:53] (S): Attachment inserted
[10/Aug/2020:11:20:53] (S): Processed attachment.
[10/Aug/2020:11:20:53] (P): Processing attachment: https://s33834.pcdn.co/web-agency-gb/wp-content/uploads/sites/422/2020/01/neve-web-design-bg-13.jpg...
[10/Aug/2020:11:20:53] (P): Fetching attachment from url: https://s33834.pcdn.co/web-agency-gb/wp-content/uploads/sites/422/2020/01/neve-web-design-bg-13.jpg...
[10/Aug/2020:11:20:53] (S): Fetched remote attachment.
[10/Aug/2020:11:20:53] (P): Inserting attachment...
[10/Aug/2020:11:20:53] (S): Attachment inserted
[10/Aug/2020:11:20:53] (S): Processed attachment.
[10/Aug/2020:11:20:53] (P): Processing attachment: https://s33834.pcdn.co/web-agency-gb/wp-content/uploads/sites/422/2020/01/neve-web-design-bg-14.jpg...
[10/Aug/2020:11:20:53] (P): Fetching attachment from url: https://s33834.pcdn.co/web-agency-gb/wp-content/uploads/sites/422/2020/01/neve-web-design-bg-14.jpg...
[10/Aug/2020:11:20:53] (S): Fetched remote attachment.
[10/Aug/2020:11:20:53] (P): Inserting attachment...
[10/Aug/2020:11:20:53] (S): Attachment inserted
[10/Aug/2020:11:20:53] (S): Processed attachment.
[10/Aug/2020:11:20:53] (P): Processing attachment: https://s33834.pcdn.co/web-agency-gb/wp-content/uploads/sites/422/2020/01/neve-web-design-bg-15.jpg...
[10/Aug/2020:11:20:53] (P): Fetching attachment from url: https://s33834.pcdn.co/web-agency-gb/wp-content/uploads/sites/422/2020/01/neve-web-design-bg-15.jpg...
[10/Aug/2020:11:20:53] (S): Fetched remote attachment.
[10/Aug/2020:11:20:53] (P): Inserting attachment...
[10/Aug/2020:11:20:53] (S): Attachment inserted
[10/Aug/2020:11:20:53] (S): Processed attachment.
[10/Aug/2020:11:20:53] (P): Processing attachment: https://s33834.pcdn.co/web-agency-gb/wp-content/uploads/sites/422/2020/06/web-agency-logo-2.png...
[10/Aug/2020:11:20:53] (P): Fetching attachment from url: https://s33834.pcdn.co/web-agency-gb/wp-content/uploads/sites/422/2020/06/web-agency-logo-2.png...
[10/Aug/2020:11:20:53] (S): Fetched remote attachment.
[10/Aug/2020:11:20:53] (P): Inserting attachment...
[10/Aug/2020:11:20:53] (S): Attachment inserted
[10/Aug/2020:11:20:53] (S): Processed attachment.
[10/Aug/2020:11:20:53] (P): Processing attachment: https://s33834.pcdn.co/web-agency-gb/wp-content/uploads/sites/422/2020/06/web-agency-icon.png...
[10/Aug/2020:11:20:53] (P): Fetching attachment from url: https://s33834.pcdn.co/web-agency-gb/wp-content/uploads/sites/422/2020/06/web-agency-icon.png...
[10/Aug/2020:11:20:53] (S): Fetched remote attachment.
[10/Aug/2020:11:20:53] (P): Inserting attachment...
[10/Aug/2020:11:20:53] (S): Attachment inserted
[10/Aug/2020:11:20:53] (S): Processed attachment.
[10/Aug/2020:11:20:53] (P): Processing attachment: https://s33834.pcdn.co/web-agency-gb/wp-content/uploads/sites/422/2020/06/cropped-web-agency-logo-2.png...
[10/Aug/2020:11:20:53] (P): Fetching attachment from url: https://s33834.pcdn.co/web-agency-gb/wp-content/uploads/sites/422/2020/06/cropped-web-agency-logo-2.png...
[10/Aug/2020:11:20:53] (S): Fetched remote attachment.
[10/Aug/2020:11:20:53] (P): Inserting attachment...
[10/Aug/2020:11:20:53] (S): Attachment inserted
[10/Aug/2020:11:20:53] (S): Processed attachment.
[10/Aug/2020:11:20:53] (P): Processing attachment: https://s33834.pcdn.co/web-agency-gb/wp-content/uploads/sites/422/2020/06/cropped-web-agency-icon.png...
[10/Aug/2020:11:20:53] (P): Fetching attachment from url: https://s33834.pcdn.co/web-agency-gb/wp-content/uploads/sites/422/2020/06/cropped-web-agency-icon.png...
[10/Aug/2020:11:20:53] (S): Fetched remote attachment.
[10/Aug/2020:11:20:53] (P): Inserting attachment...
[10/Aug/2020:11:20:53] (S): Attachment inserted
[10/Aug/2020:11:20:53] (S): Processed attachment.
[10/Aug/2020:11:20:53] (P): Processing attachment: https://s33834.pcdn.co/web-agency-gb/wp-content/uploads/sites/422/2020/07/web-design-studio-01.jpg.jpg...
[10/Aug/2020:11:20:53] (P): Fetching attachment from url: https://s33834.pcdn.co/web-agency-gb/wp-content/uploads/sites/422/2020/07/web-design-studio-01.jpg.jpg...
[10/Aug/2020:11:20:53] (S): Fetched remote attachment.
[10/Aug/2020:11:20:53] (P): Inserting attachment...
[10/Aug/2020:11:20:53] (S): Attachment inserted
[10/Aug/2020:11:20:53] (S): Processed attachment.
[10/Aug/2020:11:20:53] (P): Inserting post: 5 UX Principles for Creating a Great Website .
[10/Aug/2020:11:20:53] (S): Done inserting post: 5 UX Principles for Creating a Great Website .
[10/Aug/2020:11:20:53] (P): Inserting page: News .
[10/Aug/2020:11:20:53] (S): Done inserting page: News .
[10/Aug/2020:11:20:53] (P): Inserting page: Home .
[10/Aug/2020:11:20:53] (S): Done inserting page: Home .
[10/Aug/2020:11:20:53] (P): Processing single menu item ' '...
[10/Aug/2020:11:20:54] (S): Processed single menu item.
[10/Aug/2020:11:20:54] (P): Inserting post: Web Design Trends for 2020 .
[10/Aug/2020:11:20:54] (S): Done inserting post: Web Design Trends for 2020 .
[10/Aug/2020:11:20:54] (P): Inserting post: A Simple Guide to Design Thinking .
[10/Aug/2020:11:20:54] (S): Done inserting post: A Simple Guide to Design Thinking .
[10/Aug/2020:11:20:54] (P): Inserting wp_block: 3 column section .
[10/Aug/2020:11:20:54] (S): Done inserting wp_block: 3 column section .
[10/Aug/2020:11:20:54] (P): Inserting page: About Us .
[10/Aug/2020:11:20:54] (S): Done inserting page: About Us .
[10/Aug/2020:11:20:54] (P): Processing single menu item ' '...
[10/Aug/2020:11:20:54] (S): Processed single menu item.
[10/Aug/2020:11:20:54] (P): Inserting page: Portfolio .
[10/Aug/2020:11:20:54] (S): Done inserting page: Portfolio .
[10/Aug/2020:11:20:54] (P): Inserting page: Portfolio Single .
[10/Aug/2020:11:20:54] (S): Done inserting page: Portfolio Single .
[10/Aug/2020:11:20:54] (P): Processing single menu item ' '...
[10/Aug/2020:11:20:54] (S): Processed single menu item.
[10/Aug/2020:11:20:54] (P): Processing single menu item ' '...
[10/Aug/2020:11:20:54] (S): Processed single menu item.
[10/Aug/2020:11:20:54] (P): Inserting page: Contact Us .
[10/Aug/2020:11:20:54] (S): Done inserting page: Contact Us .
[10/Aug/2020:11:20:54] (P): Processing single menu item ' '...
[10/Aug/2020:11:20:54] (S): Processed single menu item.
[10/Aug/2020:11:20:54] (S): Processed posts.
[10/Aug/2020:11:20:54] (P): Processing single menu item ' '...
[10/Aug/2020:11:20:54] (S): Processed single menu item.
[10/Aug/2020:11:20:54] (P): Cleaning up import with id ...
[10/Aug/2020:11:20:54] (P): Done cleanup. Flushing cache...
[10/Aug/2020:11:20:54] (P): Flushed cache. Removing temporary data..
[10/Aug/2020:11:20:54] (S): Done importing
[10/Aug/2020:11:20:54] (P): Busting elementor cache
[10/Aug/2020:11:20:54] (S): Front page set up with id: 5.
